<?xml version="1.0" encoding="UTF-8"?>
<testng-results ignored="0" total="1" passed="1" failed="0" skipped="0">
  <reporter-output>
  </reporter-output>
  <suite started-at="2025-07-20T14:49:26 IST" name="Default suite" finished-at="2025-07-20T14:49:43 IST" duration-ms="16531">
    <groups>
    </groups>
    <test started-at="2025-07-20T14:49:26 IST" name="Default test" finished-at="2025-07-20T14:49:43 IST" duration-ms="16531">
      <class name="com.forgat.password.related.FacebookForgotPassword">
        <test-method is-config="true" signature="setUp()[pri:0, instance:com.forgat.password.related.FacebookForgotPassword@2d1ef81a]" started-at="2025-07-20T14:49:26 IST" name="setUp" finished-at="2025-07-20T14:49:35 IST" duration-ms="9148" status="PASS">
          <reporter-output>
          </reporter-output>
        </test-method> <!-- setUp -->
        <test-method signature="validCreadential()[pri:0, instance:com.forgat.password.related.FacebookForgotPassword@2d1ef81a]" started-at="2025-07-20T14:49:35 IST" name="validCreadential" finished-at="2025-07-20T14:49:43 IST" duration-ms="7327" status="PASS">
          <reporter-output>
          </reporter-output>
        </test-method> <!-- validCreadential -->
        <test-method is-config="true" signature="closeBrowser()[pri:0, instance:com.forgat.password.related.FacebookForgotPassword@2d1ef81a]" started-at="2025-07-20T14:49:43 IST" name="closeBrowser" finished-at="2025-07-20T14:49:43 IST" duration-ms="3" status="PASS">
          <reporter-output>
          </reporter-output>
        </test-method> <!-- closeBrowser -->
      </class> <!-- com.forgat.password.related.FacebookForgotPassword -->
    </test> <!-- Default test -->
  </suite> <!-- Default suite -->
</testng-results>
